sending incremental file list
created directory /home/tanaya/Backup//current
./
Environment_vars.sh
at_example.sh
back_up_eg.sh
backup_2024-01-10.log
del_git_folder.sh
office_hours_notifier.sh
results.log
special_vars.sh
tanaya.txt
test_child.sh
trap_example.sh
.git/
.git/COMMIT_EDITMSG
.git/HEAD
.git/config
.git/description
.git/index
.git/branches/
.git/hooks/
.git/hooks/applypatch-msg.sample
.git/hooks/commit-msg.sample
.git/hooks/fsmonitor-watchman.sample
.git/hooks/post-update.sample
.git/hooks/pre-applypatch.sample
.git/hooks/pre-commit.sample
.git/hooks/pre-merge-commit.sample
.git/hooks/pre-push.sample
.git/hooks/pre-rebase.sample
.git/hooks/pre-receive.sample
.git/hooks/prepare-commit-msg.sample
.git/hooks/push-to-checkout.sample
.git/hooks/update.sample
.git/info/
.git/info/exclude
.git/logs/
.git/logs/HEAD
.git/logs/refs/
.git/logs/refs/heads/
.git/logs/refs/heads/main
.git/logs/refs/remotes/
.git/logs/refs/remotes/origin/
.git/logs/refs/remotes/origin/main
.git/objects/
.git/objects/00/
.git/objects/00/9b54c4f624ee2413c1561055e6fcf04d45f4d1
.git/objects/0d/
.git/objects/0d/a3b607f72201b29d64a88da76f7017c0c569a4
.git/objects/10/
.git/objects/10/1147b2d00134e7cb6b39e02b5f3cce8a80cdc8
.git/objects/19/
.git/objects/19/1bc1aad0f0461977a5939fc40582627d1e1dfd
.git/objects/46/
.git/objects/46/dfc6e2b61aeed5f60e45602b8e031970ca876a
.git/objects/4b/
.git/objects/4b/d3fbda87c5b4c441bdf0ccd536f6fd2a97dd15
.git/objects/5f/
.git/objects/5f/b8de6f55071c592d4b1afff3052b5f6a7755f9
.git/objects/62/
.git/objects/62/7f274d40ed956cf99465d88f12e741d69ffe6d
.git/objects/bf/
.git/objects/bf/4e09f0f9636f47ae70288e10bb5dd9b34219fb
.git/objects/cb/
.git/objects/cb/b3efa396f6159f4ad65e81aac5e71b04839218
.git/objects/cb/e9cdd11f1a5a4c8f1b0f3a804738c748896a17
.git/objects/e1/
.git/objects/e1/ac269ba001bb4c2414094cc2d8726524d7aac5
.git/objects/ea/
.git/objects/ea/b92d8b66af91b474f6a645a3faa43474db60da
.git/objects/ec/
.git/objects/ec/ba9b18a6dff56f1aa3276dcade605654db5bb4
.git/objects/info/
.git/objects/pack/
.git/refs/
.git/refs/heads/
.git/refs/heads/main
.git/refs/remotes/
.git/refs/remotes/origin/
.git/refs/remotes/origin/main
.git/refs/tags/

sent 2,926 bytes  received 337 bytes  6,526.00 bytes/sec
total size is 33,594  speedup is 10.30 (DRY RUN)
sending incremental file list
created directory /home/tanaya/Backup//current
./
Environment_vars.sh
at_example.sh
back_up_eg.sh
backup_2024-01-10.log
del_git_folder.sh
office_hours_notifier.sh
results.log
special_vars.sh
tanaya.txt
test_child.sh
trap_example.sh
.git/
.git/COMMIT_EDITMSG
.git/HEAD
.git/config
.git/description
.git/index
.git/branches/
.git/hooks/
.git/hooks/applypatch-msg.sample
.git/hooks/commit-msg.sample
.git/hooks/fsmonitor-watchman.sample
.git/hooks/post-update.sample
.git/hooks/pre-applypatch.sample
.git/hooks/pre-commit.sample
.git/hooks/pre-merge-commit.sample
.git/hooks/pre-push.sample
.git/hooks/pre-rebase.sample
.git/hooks/pre-receive.sample
.git/hooks/prepare-commit-msg.sample
.git/hooks/push-to-checkout.sample
.git/hooks/update.sample
.git/info/
.git/info/exclude
.git/logs/
.git/logs/HEAD
.git/logs/refs/
.git/logs/refs/heads/
.git/logs/refs/heads/main
.git/logs/refs/remotes/
.git/logs/refs/remotes/origin/
.git/logs/refs/remotes/origin/main
.git/objects/
.git/objects/00/
.git/objects/00/9b54c4f624ee2413c1561055e6fcf04d45f4d1
.git/objects/0d/
.git/objects/0d/a3b607f72201b29d64a88da76f7017c0c569a4
.git/objects/10/
.git/objects/10/1147b2d00134e7cb6b39e02b5f3cce8a80cdc8
.git/objects/19/
.git/objects/19/1bc1aad0f0461977a5939fc40582627d1e1dfd
.git/objects/46/
.git/objects/46/dfc6e2b61aeed5f60e45602b8e031970ca876a
.git/objects/4b/
.git/objects/4b/d3fbda87c5b4c441bdf0ccd536f6fd2a97dd15
.git/objects/5f/
.git/objects/5f/b8de6f55071c592d4b1afff3052b5f6a7755f9
.git/objects/62/
.git/objects/62/7f274d40ed956cf99465d88f12e741d69ffe6d
.git/objects/bf/
.git/objects/bf/4e09f0f9636f47ae70288e10bb5dd9b34219fb
.git/objects/cb/
.git/objects/cb/b3efa396f6159f4ad65e81aac5e71b04839218
.git/objects/cb/e9cdd11f1a5a4c8f1b0f3a804738c748896a17
.git/objects/e1/
.git/objects/e1/ac269ba001bb4c2414094cc2d8726524d7aac5
.git/objects/ea/
.git/objects/ea/b92d8b66af91b474f6a645a3faa43474db60da
.git/objects/ec/
.git/objects/ec/ba9b18a6dff56f1aa3276dcade605654db5bb4
.git/objects/info/
.git/objects/pack/
.git/refs/
.git/refs/heads/
.git/refs/heads/main
.git/refs/remotes/
.git/refs/remotes/origin/
.git/refs/remotes/origin/main
.git/refs/tags/

sent 40,849 bytes  received 1,129 bytes  83,956.00 bytes/sec
total size is 35,858  speedup is 0.85
